<?xml version="1.0" encoding="UTF-8"?>
<!-- Generated by org.testng.reporters.JUnitReportReporter -->
<testsuite skipped="0" hostname="LAPTOP-8UU62UVE" name="day2.GitHub" tests="2" failures="0" timestamp="08 Oct 2021 10:14:36 GMT" time="3.676" errors="0">
  <testcase name="createRepositories" time="2.874" classname="day2.GitHub"/>
  <testcase name="gettingAllRepositories" time="0.802" classname="day2.GitHub"/>
</testsuite> <!-- day2.GitHub -->
