<?xml version="1.0" encoding="UTF-8"?>
<!-- Generated by org.testng.reporters.JUnitReportReporter -->
<testsuite skipped="3" hostname="LAPTOP-8UU62UVE" name="day2.PositiveContactListTest" tests="8" failures="0" timestamp="08 Oct 2021 06:19:50 GMT" time="6.110" errors="0">
  <testcase name="getSpecificContact3" time="0.518" classname="day2.PositiveContactListTest"/>
  <testcase name="getSpecificContact4" time="0.469" classname="day2.PositiveContactListTest"/>
  <testcase name="updatingContact" time="0.528" classname="day2.PositiveContactListTest"/>
  <testcase name="addingContact" time="4.095" classname="day2.PositiveContactListTest"/>
  <testcase name="deletingSpecificContact3" time="0.500" classname="day2.PositiveContactListTest"/>
  <testcase name="getSpecificContact2" classname="day2.PositiveContactListTest">
    <skipped/>
  </testcase> <!-- getSpecificContact2 -->
  <testcase name="getSpecificContact" classname="day2.PositiveContactListTest">
    <skipped/>
  </testcase> <!-- getSpecificContact -->
  <testcase name="getAllContactListInfo" classname="day2.PositiveContactListTest">
    <skipped/>
  </testcase> <!-- getAllContactListInfo -->
</testsuite> <!-- day2.PositiveContactListTest -->
