<?xml version="1.0" encoding="UTF-8"?>
<!-- Generated by org.testng.reporters.JUnitReportReporter -->
<testsuite skipped="2" hostname="LAPTOP-8UU62UVE" name="day1.WeatherAPI" tests="4" failures="0" timestamp="07 Oct 2021 13:32:17 GMT" time="2.330" errors="0">
  <testcase name="getWeather4" time="0.453" classname="day1.WeatherAPI"/>
  <testcase name="getWeather2" time="1.877" classname="day1.WeatherAPI"/>
  <testcase name="getWeather" classname="day1.WeatherAPI">
    <skipped/>
  </testcase> <!-- getWeather -->
  <testcase name="getWeather3" classname="day1.WeatherAPI">
    <skipped/>
  </testcase> <!-- getWeather3 -->
</testsuite> <!-- day1.WeatherAPI -->
