<?xml version="1.0" encoding="UTF-8"?>
<!-- Generated by org.testng.reporters.JUnitReportReporter -->
<testsuite skipped="0" hostname="LAPTOP-8UU62UVE" name="day2.NegativeContactListTest" tests="5" failures="0" timestamp="08 Oct 2021 07:38:12 GMT" time="6.447" errors="0">
  <testcase name="addingContactVerifyEmail" time="0.475" classname="day2.NegativeContactListTest"/>
  <testcase name="recordNotFound" time="0.462" classname="day2.NegativeContactListTest"/>
  <testcase name="addingContactInvalidCharacter" time="2.911" classname="day2.NegativeContactListTest"/>
  <testcase name="addingContactMissingParameter" time="2.125" classname="day2.NegativeContactListTest"/>
  <testcase name="addingContactTooManySize" time="0.474" classname="day2.NegativeContactListTest"/>
</testsuite> <!-- day2.NegativeContactListTest -->
